----------------------------------------
Timestamp: 11/26/2012 4:29:28 PM

Message: HandlingInstanceID: f6fee019-9a88-49e4-ad1e-e5f1403761d1
An exception of type 'System.NullReferenceException' occurred and was caught.
-----------------------------------------------------------------------------
11/26/2012 18:29:28
Type : System.NullReferenceException, mscorlib, Version=4.0.0.0, Culture=neutral, PublicKeyToken=b77a5c561934e089
Message : Object reference not set to an instance of an object.
Source : Telerik.Sitefinity
Help link : 
Data : System.Collections.ListDictionaryInternal
TargetSite : Void VerifySectionRegistered(System.Type)
HResult : -2147467261
Stack Trace :    at Telerik.Sitefinity.Configuration.Config.VerifySectionRegistered(Type sectionType)
   at Telerik.Sitefinity.Configuration.Config.GetSectionInternal(Type sectionType, Boolean safeMode)
   at Telerik.Sitefinity.Configuration.Config.GetSectionPrivate(Type sectionType, Boolean safeMode)
   at Telerik.Sitefinity.Configuration.Config.GetSectionPrivate[TSection](Boolean safeMode)
   at Telerik.Sitefinity.Localization.ResourceManager.get_ProvidersSettings()
   at Telerik.Sitefinity.Data.ManagerBase`1.GetProvidersSettings()
   at Telerik.Sitefinity.Data.ManagerBase`1.Initialize()

Additional Info:

MachineName : OSMAK
TimeStamp : 11/26/2012 4:29:28 PM
FullName : Telerik.Sitefinity.Utilities, Version=5.2.3800.0, Culture=neutral, PublicKeyToken=b28c218413bdf563
AppDomainName : 87cefee0-2-129984209562092388
ThreadIdentity : TELERIK\osmak
WindowsIdentity : TELERIK\osmak


Category: ErrorLog

Priority: 0

EventId: 90030

Severity: Error

Title:Enterprise Library Exception Handling

Machine: OSMAK

App Domain: 87cefee0-2-129984209562092388

ProcessId: 8224

Process Name: C:\Program Files (x86)\Microsoft Visual Studio 11.0\Common7\IDE\Microsoft.VisualStudio.Web.Host.exe

Thread Name: 

Win32 ThreadId:8228

Extended Properties: 
----------------------------------------
