----------------------------------------
Timestamp: 11/23/2012 1:09:38 PM

Message: HandlingInstanceID: 6726ec19-d1da-4c45-80cb-d0a27283104e
An exception of type 'System.NullReferenceException' occurred and was caught.
-----------------------------------------------------------------------------
11/23/2012 15:09:38
Type : System.NullReferenceException, mscorlib, Version=4.0.0.0, Culture=neutral, PublicKeyToken=b77a5c561934e089
Message : Object reference not set to an instance of an object.
Source : Telerik.Sitefinity
Help link : 
Data : System.Collections.ListDictionaryInternal
TargetSite : Void VerifySectionRegistered(System.Type)
HResult : -2147467261
Stack Trace :    at Telerik.Sitefinity.Configuration.Config.VerifySectionRegistered(Type sectionType)
   at Telerik.Sitefinity.Configuration.Config.GetSectionInternal(Type sectionType, Boolean safeMode)
   at Telerik.Sitefinity.Configuration.Config.GetSectionPrivate(Type sectionType, Boolean safeMode)
   at Telerik.Sitefinity.Configuration.Config.GetSectionPrivate[TSection](Boolean safeMode)
   at Telerik.Sitefinity.Localization.ResourceManager.get_ProvidersSettings()
   at Telerik.Sitefinity.Data.ManagerBase`1.GetProvidersSettings()
   at Telerik.Sitefinity.Data.ManagerBase`1.Initialize()

Additional Info:

MachineName : OSMAK
TimeStamp : 11/23/2012 1:09:38 PM
FullName : Telerik.Sitefinity.Utilities, Version=5.2.3800.0, Culture=neutral, PublicKeyToken=b28c218413bdf563
AppDomainName : 87cefee0-2-129981497601920504
ThreadIdentity : TELERIK\osmak
WindowsIdentity : TELERIK\osmak


Category: ErrorLog

Priority: 0

EventId: 90030

Severity: Error

Title:Enterprise Library Exception Handling

Machine: OSMAK

App Domain: 87cefee0-2-129981497601920504

ProcessId: 7904

Process Name: C:\Program Files (x86)\Microsoft Visual Studio 11.0\Common7\IDE\Microsoft.VisualStudio.Web.Host.exe

Thread Name: 

Win32 ThreadId:9968

Extended Properties: 
----------------------------------------
----------------------------------------
Timestamp: 11/23/2012 1:22:02 PM

Message: HandlingInstanceID: 9afff43c-b1bf-47ce-9e7b-9c363acd009b
An exception of type 'System.Security.Cryptography.CryptographicException' occurred and was caught.
---------------------------------------------------------------------------------------------------
11/23/2012 15:22:02
Type : System.Security.Cryptography.CryptographicException, mscorlib, Version=4.0.0.0, Culture=neutral, PublicKeyToken=b77a5c561934e089
Message : Bad Data.

Source : mscorlib
Help link : 
Data : System.Collections.ListDictionaryInternal
TargetSite : Void ThrowCryptographicException(Int32)
HResult : -2146893819
Stack Trace :    at System.Security.Cryptography.CryptographicException.ThrowCryptographicException(Int32 hr)
   at System.Security.Cryptography.Utils._DecryptData(SafeKeyHandle hKey, Byte[] data, Int32 ib, Int32 cb, Byte[]& outputBuffer, Int32 outputOffset, PaddingMode PaddingMode, Boolean fDone)
   at System.Security.Cryptography.CryptoAPITransform.TransformFinalBlock(Byte[] inputBuffer, Int32 inputOffset, Int32 inputCount)
   at System.Security.Cryptography.CryptoStream.FlushFinalBlock()
   at System.Security.Cryptography.CryptoStream.Dispose(Boolean disposing)
   at System.IO.Stream.Close()
   at Telerik.Sitefinity.Security.SecurityManager.DecryptData(Byte[] data)
   at Microsoft.IdentityModel.Tokens.SessionSecurityTokenHandler.ApplyTransforms(Byte[] cookie, Boolean outbound)
   at Microsoft.IdentityModel.Tokens.SessionSecurityTokenHandler.ReadToken(XmlReader reader, SecurityTokenResolver tokenResolver)
   at Microsoft.IdentityModel.Tokens.SessionSecurityTokenHandler.ReadToken(Byte[] token, SecurityTokenResolver tokenResolver)
   at Telerik.Sitefinity.Security.Claims.SitefinitySessionAuthenticationModule.ReadToken(Byte[] sessionCookie)

Additional Info:

MachineName : OSMAK
TimeStamp : 11/23/2012 1:22:02 PM
FullName : Telerik.Sitefinity.Utilities, Version=5.2.3800.0, Culture=neutral, PublicKeyToken=b28c218413bdf563
AppDomainName : /LM/W3SVC/6/ROOT-3-129981505030890504
ThreadIdentity : 
WindowsIdentity : NT AUTHORITY\SYSTEM
Requested URL : http://localhost:8011/WebResource.axd?d=e1tBz40dghUg8Nw4s0TIqDdjFyi5cjfIExpcS-QBFoyIEdw5UPP79iH2OAamL9fZpY9IhM94TsQToQr1fDUtvoG2McEFEB_djMwvpHVY07NxNVIMNIyT1m7jbNQGz_iCPs2G5-mVWo3QtWZdlD7ogOw6NK1vYjmd7MrR5pDTZKT424Z1v9pO20dq1aokpMgC0&t=634882427240000000


Category: ErrorLog

Priority: 0

EventId: 9010

Severity: Warning

Title:Enterprise Library Exception Handling

Machine: OSMAK

App Domain: /LM/W3SVC/6/ROOT-3-129981505030890504

ProcessId: 5852

Process Name: c:\windows\system32\inetsrv\w3wp.exe

Thread Name: 

Win32 ThreadId:4716

Extended Properties: 
----------------------------------------
