----------------------------------------
Timestamp: 12/6/2012 11:28:11 AM

Message: Shutting down threadpool...


----------------------------------------
----------------------------------------
Timestamp: 12/6/2012 11:28:11 AM

Message: Thread pool 'ThreadPool': Shutdown of thread pool completed. All currently running threads will finish their work and stop.


----------------------------------------
----------------------------------------
Timestamp: 12/6/2012 11:28:11 AM

Message: WorkerThread is shut down


----------------------------------------
----------------------------------------
Timestamp: 12/6/2012 11:28:11 AM

Message: WorkerThread is shut down


----------------------------------------
----------------------------------------
Timestamp: 12/6/2012 11:28:11 AM

Message: WorkerThread is shut down


----------------------------------------
----------------------------------------
Timestamp: 12/6/2012 11:28:11 AM

Message: WorkerThread is shut down


----------------------------------------
----------------------------------------
Timestamp: 12/6/2012 11:28:11 AM

Message: Background task scheduler shut down


----------------------------------------
----------------------------------------
Timestamp: 12/6/2012 11:28:41 AM

Message: Shutting down threadpool...


----------------------------------------
----------------------------------------
Timestamp: 12/6/2012 11:28:41 AM

Message: Thread pool 'ThreadPool': Shutdown of thread pool completed. Threads aborted.


----------------------------------------
----------------------------------------
Timestamp: 12/6/2012 12:30:17 PM

Message: Shutting down threadpool...


----------------------------------------
----------------------------------------
Timestamp: 12/6/2012 12:30:17 PM

Message: Thread pool 'ThreadPool': Shutdown of thread pool completed. All currently running threads will finish their work and stop.


----------------------------------------
----------------------------------------
Timestamp: 12/6/2012 12:30:17 PM

Message: WorkerThread is shut down


----------------------------------------
----------------------------------------
Timestamp: 12/6/2012 12:30:17 PM

Message: Background task scheduler shut down


----------------------------------------
----------------------------------------
Timestamp: 12/6/2012 12:30:17 PM

Message: WorkerThread is shut down


----------------------------------------
----------------------------------------
Timestamp: 12/6/2012 12:30:17 PM

Message: WorkerThread is shut down


----------------------------------------
----------------------------------------
Timestamp: 12/6/2012 12:30:17 PM

Message: WorkerThread is shut down


----------------------------------------
----------------------------------------
Timestamp: 12/6/2012 12:30:47 PM

Message: Shutting down threadpool...


----------------------------------------
----------------------------------------
Timestamp: 12/6/2012 12:30:47 PM

Message: Thread pool 'ThreadPool': Shutdown of thread pool completed. Threads aborted.


----------------------------------------
