----------------------------------------
Timestamp: 11/26/2012 4:29:16 PM

Message: Shutting down threadpool...


----------------------------------------
----------------------------------------
Timestamp: 11/26/2012 4:29:16 PM

Message: Thread pool 'ThreadPool': Shutdown of thread pool completed. All currently running threads will finish their work and stop.


----------------------------------------
----------------------------------------
Timestamp: 11/26/2012 4:29:16 PM

Message: WorkerThread is shut down


----------------------------------------
----------------------------------------
Timestamp: 11/26/2012 4:29:16 PM

Message: Background task scheduler shut down


----------------------------------------
----------------------------------------
Timestamp: 11/26/2012 4:29:16 PM

Message: WorkerThread is shut down


----------------------------------------
----------------------------------------
Timestamp: 11/26/2012 4:29:16 PM

Message: WorkerThread is shut down


----------------------------------------
----------------------------------------
Timestamp: 11/26/2012 4:29:16 PM

Message: WorkerThread is shut down


----------------------------------------
----------------------------------------
Timestamp: 11/26/2012 4:29:46 PM

Message: Shutting down threadpool...


----------------------------------------
----------------------------------------
Timestamp: 11/26/2012 4:29:46 PM

Message: Thread pool 'ThreadPool': Shutdown of thread pool completed. Threads aborted.


----------------------------------------
----------------------------------------
Timestamp: 11/27/2012 12:57:33 PM

Message: Shutting down threadpool...


----------------------------------------
----------------------------------------
Timestamp: 11/27/2012 12:57:33 PM

Message: Thread pool 'ThreadPool': Shutdown of thread pool completed. All currently running threads will finish their work and stop.


----------------------------------------
----------------------------------------
Timestamp: 11/27/2012 12:57:34 PM

Message: Background task scheduler shut down


----------------------------------------
----------------------------------------
Timestamp: 11/27/2012 12:57:34 PM

Message: WorkerThread is shut down


----------------------------------------
----------------------------------------
Timestamp: 11/27/2012 12:57:34 PM

Message: WorkerThread is shut down


----------------------------------------
----------------------------------------
Timestamp: 11/27/2012 12:57:34 PM

Message: WorkerThread is shut down


----------------------------------------
----------------------------------------
Timestamp: 11/27/2012 12:57:34 PM

Message: WorkerThread is shut down


----------------------------------------
----------------------------------------
Timestamp: 11/27/2012 12:58:03 PM

Message: Shutting down threadpool...


----------------------------------------
----------------------------------------
Timestamp: 11/27/2012 12:58:03 PM

Message: Thread pool 'ThreadPool': Shutdown of thread pool completed. Threads aborted.


----------------------------------------
