----------------------------------------
Timestamp: 11/23/2012 11:43:51 AM

Message: Shutting down threadpool...


----------------------------------------
----------------------------------------
Timestamp: 11/23/2012 11:43:51 AM

Message: Thread pool 'ThreadPool': Shutdown of thread pool completed. All currently running threads will finish their work and stop.


----------------------------------------
----------------------------------------
Timestamp: 11/23/2012 11:43:51 AM

Message: WorkerThread is shut down


----------------------------------------
----------------------------------------
Timestamp: 11/23/2012 11:43:51 AM

Message: WorkerThread is shut down


----------------------------------------
----------------------------------------
Timestamp: 11/23/2012 11:43:51 AM

Message: WorkerThread is shut down


----------------------------------------
----------------------------------------
Timestamp: 11/23/2012 11:43:51 AM

Message: WorkerThread is shut down


----------------------------------------
----------------------------------------
Timestamp: 11/23/2012 11:43:51 AM

Message: Background task scheduler shut down


----------------------------------------
----------------------------------------
Timestamp: 11/23/2012 11:44:21 AM

Message: Shutting down threadpool...


----------------------------------------
----------------------------------------
Timestamp: 11/23/2012 11:44:21 AM

Message: Thread pool 'ThreadPool': Shutdown of thread pool completed. Threads aborted.


----------------------------------------
