----------------------------------------
Timestamp: 11/21/2012 4:19:07 PM

Message: Shutting down threadpool...


----------------------------------------
----------------------------------------
Timestamp: 11/21/2012 4:19:07 PM

Message: Thread pool 'ThreadPool': Shutdown of thread pool completed. All currently running threads will finish their work and stop.


----------------------------------------
----------------------------------------
Timestamp: 11/21/2012 4:19:07 PM

Message: WorkerThread is shut down


----------------------------------------
----------------------------------------
Timestamp: 11/21/2012 4:19:07 PM

Message: WorkerThread is shut down


----------------------------------------
----------------------------------------
Timestamp: 11/21/2012 4:19:07 PM

Message: WorkerThread is shut down


----------------------------------------
----------------------------------------
Timestamp: 11/21/2012 4:19:07 PM

Message: WorkerThread is shut down


----------------------------------------
----------------------------------------
Timestamp: 11/21/2012 4:19:07 PM

Message: Background task scheduler shut down


----------------------------------------
----------------------------------------
Timestamp: 11/21/2012 4:19:37 PM

Message: Shutting down threadpool...


----------------------------------------
----------------------------------------
Timestamp: 11/21/2012 4:19:37 PM

Message: Thread pool 'ThreadPool': Shutdown of thread pool completed. Threads aborted.


----------------------------------------
